\BOOKMARK [1][-]{section*.3}{Introduction}{}% 1
\BOOKMARK [1][-]{section.1}{Cahier des Charges}{}% 2
\BOOKMARK [2][-]{subsection.1.1}{S\351riation}{section.1}% 3
\BOOKMARK [2][-]{subsection.1.2}{Branch \046 bound}{section.1}% 4
\BOOKMARK [2][-]{subsection.1.3}{Interface graphique}{section.1}% 5
\BOOKMARK [1][-]{section.2}{Analyse et conception}{}% 6
\BOOKMARK [2][-]{subsection.2.1}{S\351riation}{section.2}% 7
\BOOKMARK [3][-]{subsubsection.2.1.1}{Principe}{subsection.2.1}% 8
\BOOKMARK [3][-]{subsubsection.2.1.2}{Pseudo-Code}{subsection.2.1}% 9
\BOOKMARK [2][-]{subsection.2.2}{Branch \046 bound}{section.2}% 10
\BOOKMARK [3][-]{subsubsection.2.2.1}{Formalisation}{subsection.2.2}% 11
\BOOKMARK [3][-]{subsubsection.2.2.2}{Algorithme}{subsection.2.2}% 12
\BOOKMARK [3][-]{subsubsection.2.2.3}{Pseudo-Code}{subsection.2.2}% 13
\BOOKMARK [1][-]{section.3}{Logiciel}{}% 14
\BOOKMARK [2][-]{subsection.3.1}{Choix du langage}{section.3}% 15
\BOOKMARK [2][-]{subsection.3.2}{Installation de Sage et lancement}{section.3}% 16
\BOOKMARK [2][-]{subsection.3.3}{Interface}{section.3}% 17
\BOOKMARK [2][-]{subsection.3.4}{GitHub}{section.3}% 18
\BOOKMARK [1][-]{section.4}{Exp\351rimentation}{}% 19
\BOOKMARK [2][-]{subsection.4.1}{S\351riation}{section.4}% 20
\BOOKMARK [2][-]{subsection.4.2}{Branch \046 bound}{section.4}% 21
\BOOKMARK [1][-]{section*.15}{Conclusion}{}% 22
\BOOKMARK [1][-]{appendix.A}{Annexes}{}% 23
\BOOKMARK [2][-]{subsection.A.1}{S\351riation : R\351sultats}{appendix.A}% 24
\BOOKMARK [2][-]{subsection.A.2}{Branch \046 bound : R\351sultats}{appendix.A}% 25
