\BOOKMARK [1][-]{section.1}{1. Linn}{}% 1
\BOOKMARK [1][-]{section.2}{2. Newlands}{}% 2
\BOOKMARK [1][-]{section.3}{3. GreaterPollock}{}% 3
\BOOKMARK [1][-]{section.4}{4. Craigton}{}% 4
\BOOKMARK [1][-]{section.5}{5. Govan}{}% 5
\BOOKMARK [1][-]{section.6}{6. Pollokshields}{}% 6
\BOOKMARK [1][-]{section.7}{7. Langside}{}% 7
\BOOKMARK [1][-]{section.8}{8. SouthsideCentral}{}% 8
\BOOKMARK [1][-]{section.9}{9. Calton}{}% 9
\BOOKMARK [1][-]{section.10}{10. Anderston}{}% 10
\BOOKMARK [1][-]{section.11}{11. Hillhead}{}% 11
\BOOKMARK [1][-]{section.12}{12. PartickWest}{}% 12
\BOOKMARK [1][-]{section.13}{13. Garscadden}{}% 13
\BOOKMARK [1][-]{section.14}{14. Drumchapel}{}% 14
\BOOKMARK [1][-]{section.15}{15. Maryhill}{}% 15
\BOOKMARK [1][-]{section.16}{16. Canal}{}% 16
\BOOKMARK [1][-]{section.17}{17. Springburn}{}% 17
\BOOKMARK [1][-]{section.18}{18. EastCentre}{}% 18
\BOOKMARK [1][-]{section.19}{19. Shettleston}{}% 19
\BOOKMARK [1][-]{section.20}{20. Baillieston}{}% 20
\BOOKMARK [1][-]{section.21}{21. NorthEast}{}% 21
\BOOKMARK [1][-]{section.22}{1. Dublin North}{}% 22
\BOOKMARK [1][-]{section.23}{2. Dublin West}{}% 23
\BOOKMARK [1][-]{section.24}{3. Meath}{}% 24
